0 info it worked if it ends with ok
1 verbose cli [ '/Users/nimmo/.nvm/versions/node/v6.3.1/bin/node',
1 verbose cli   '/Users/nimmo/.nvm/versions/node/v6.3.1/bin/npm',
1 verbose cli   'run',
1 verbose cli   'serve' ]
2 info using npm@3.10.3
3 info using node@v6.3.1
4 verbose run-script [ 'preserve', 'serve', 'postserve' ]
5 info lifecycle project-arklay@1.0.0~preserve: project-arklay@1.0.0
6 silly lifecycle project-arklay@1.0.0~preserve: no script for preserve, continuing
7 info lifecycle project-arklay@1.0.0~serve: project-arklay@1.0.0
8 verbose lifecycle project-arklay@1.0.0~serve: unsafe-perm in lifecycle true
9 verbose lifecycle project-arklay@1.0.0~serve: PATH: /Users/nimmo/.nvm/versions/node/v6.3.1/lib/node_modules/npm/bin/node-gyp-bin:/Users/nimmo/work/misc/project-arklay/node_modules/.bin:/Users/nimmo/.nvm/versions/node/v6.3.1/bin:/usr/local/opt/coreutils/libexec/gnubin:/Users/nimmo/.nvm/versions/node/v6.3.1/bin:/usr/local/bin:/usr/bin:/bin:/usr/sbin:/sbin
10 verbose lifecycle project-arklay@1.0.0~serve: CWD: /Users/nimmo/work/misc/project-arklay
11 silly lifecycle project-arklay@1.0.0~serve: Args: [ '-c', 'node server/server' ]
12 silly lifecycle project-arklay@1.0.0~serve: Returned: code: 1  signal: null
13 info lifecycle project-arklay@1.0.0~serve: Failed to exec serve script
14 verbose stack Error: project-arklay@1.0.0 serve: `node server/server`
14 verbose stack Exit status 1
14 verbose stack     at EventEmitter.<anonymous> (/Users/nimmo/.nvm/versions/node/v6.3.1/lib/node_modules/npm/lib/utils/lifecycle.js:242:16)
14 verbose stack     at emitTwo (events.js:106:13)
14 verbose stack     at EventEmitter.emit (events.js:191:7)
14 verbose stack     at ChildProcess.<anonymous> (/Users/nimmo/.nvm/versions/node/v6.3.1/lib/node_modules/npm/lib/utils/spawn.js:40:14)
14 verbose stack     at emitTwo (events.js:106:13)
14 verbose stack     at ChildProcess.emit (events.js:191:7)
14 verbose stack     at maybeClose (internal/child_process.js:852:16)
14 verbose stack     at Process.ChildProcess._handle.onexit (internal/child_process.js:215:5)
15 verbose pkgid project-arklay@1.0.0
16 verbose cwd /Users/nimmo/work/misc/project-arklay
17 error Darwin 15.3.0
18 error argv "/Users/nimmo/.nvm/versions/node/v6.3.1/bin/node" "/Users/nimmo/.nvm/versions/node/v6.3.1/bin/npm" "run" "serve"
19 error node v6.3.1
20 error npm  v3.10.3
21 error code ELIFECYCLE
22 error project-arklay@1.0.0 serve: `node server/server`
22 error Exit status 1
23 error Failed at the project-arklay@1.0.0 serve script 'node server/server'.
23 error Make sure you have the latest version of node.js and npm installed.
23 error If you do, this is most likely a problem with the project-arklay package,
23 error not with npm itself.
23 error Tell the author that this fails on your system:
23 error     node server/server
23 error You can get information on how to open an issue for this project with:
23 error     npm bugs project-arklay
23 error Or if that isn't available, you can get their info via:
23 error     npm owner ls project-arklay
23 error There is likely additional logging output above.
24 verbose exit [ 1, true ]
